<?xml version="1.0" encoding="UTF-8"?>
<!-- Generated by org.testng.reporters.JUnitXMLReporter -->
<testsuite hostname="DESKTOP-S33MT4O" ignored="0" name="Test" tests="8" failures="0" timestamp="2022-05-10T18:36:06 ICT" time="127.137" errors="0">
  <testcase name="CheckBox" time="12.99" classname="tests.JTest"/>
  <testcase name="CheckBox1" time="17.19" classname="tests.JTest"/>
  <testcase name="CheckBox2" time="11.244" classname="tests.JTest"/>
  <testcase name="Radio_button_demo" time="11.083" classname="tests.JTest"/>
  <testcase name="jenkins_Testcase" time="8.505" classname="tests.JTest"/>
  <testcase name="jenkins_Testcase_failed_demo" time="9.464" classname="tests.JTest"/>
  <testcase name="test_Box" time="13.197" classname="tests.JTest"/>
  <testcase name="test_downupKeys" time="10.258" classname="tests.JTest"/>
</testsuite> <!-- Test -->
