<?xml version="1.0" encoding="UTF-8"?>
<testng-results skipped="0" failed="0" ignored="0" total="1" passed="1">
  <reporter-output>
  </reporter-output>
  <suite name="Default suite" duration-ms="24163" started-at="2022-06-10T13:55:39 ICT" finished-at="2022-06-10T13:56:03 ICT">
    <groups>
    </groups>
    <test name="Default test" duration-ms="24163" started-at="2022-06-10T13:55:39 ICT" finished-at="2022-06-10T13:56:03 ICT">
      <class name="tests.AutoTest">
        <test-method status="PASS" signature="beforMethod()[pri:0, instance:tests.AutoTest@569cfc36]" name="beforMethod" is-config="true" duration-ms="4991" started-at="2022-06-10T13:55:39 ICT" finished-at="2022-06-10T13:55:44 ICT">
          <reporter-output>
          </reporter-output>
        </test-method> <!-- beforMethod -->
        <test-method status="PASS" signature="LoginPage()[pri:0, instance:tests.AutoTest@569cfc36]" name="LoginPage" duration-ms="16970" started-at="2022-06-10T13:55:44 ICT" finished-at="2022-06-10T13:56:01 ICT">
          <reporter-output>
          </reporter-output>
        </test-method> <!-- LoginPage -->
        <test-method status="PASS" signature="afterMethod(org.testng.ITestResult)[pri:0, instance:tests.AutoTest@569cfc36]" name="afterMethod" is-config="true" duration-ms="2075" started-at="2022-06-10T13:56:01 ICT" finished-at="2022-06-10T13:56:03 ICT">
          <params>
            <param index="0">
              <value>
                <![CDATA[[TestResult name=LoginPage status=SUCCESS method=AutoTest.LoginPage()[pri:0, instance:tests.AutoTest@569cfc36] output={null}]]]>
              </value>
            </param>
          </params>
          <reporter-output>
          </reporter-output>
        </test-method> <!-- afterMethod -->
      </class> <!-- tests.AutoTest -->
    </test> <!-- Default test -->
  </suite> <!-- Default suite -->
</testng-results>
